<?xml version="1.0" encoding="UTF-8"?>
<!-- Generated by org.testng.reporters.JUnitReportReporter -->
<testsuite hostname="HYD-LW-21-0919" failures="0" tests="1" name="com.qa.base.BaseTest" time="0.010" errors="0" timestamp="2024-06-24T21:46:12 IST" skipped="0">
  <testcase classname="com.qa.base.BaseTest" name="test1" time="0.010"/>
  <system-out/>
</testsuite> <!-- com.qa.base.BaseTest -->
