<?xml version="1.0" encoding="UTF-8"?>
<!-- Generated by org.testng.reporters.JUnitReportReporter -->
<testsuite hostname="HYD-LW-21-0919" failures="0" tests="1" name="com.framework.basepackage.BaseTest" time="10.938" errors="0" timestamp="2024-06-24T21:00:27 IST" skipped="0">
  <testcase classname="com.framework.basepackage.BaseTest" name="test1" time="10.938"/>
  <system-out/>
</testsuite> <!-- com.framework.basepackage.BaseTest -->
